Mon May 22 15:10:59 CEST 2017 : Server di rete Apache Derby: 10.11.1.2 - (1629631) avviato e pronto ad accettare connessioni sulla porta 1527
----------------------------------------------------------------
Mon May 22 15:11:01 CEST 2017:
Avvio della versione di Derby The Apache Software Foundation - Apache Derby - 10.11.1.2 - (1629631): istanza a816c00e-015c-3048-3a6c-ffffdc44da82
sulla directory di database C:\Users\Nobinberg\Documents\NetBeansProjects\Progetto_AMM2017\AmmM1\web\WEB-INF\db\ammdb con caricatore classi sun.misc.Launcher$AppClassLoader@1d44bcfa 
Caricato da file:/C:/Program%20Files/Java/jdk1.8.0_74/db/lib/derby.jar
java.vendor=Oracle Corporation
java.runtime.version=1.8.0_74-b02
user.dir=C:\Program Files\Java\jdk1.8.0_74\db
os.name=Windows 10
os.arch=amd64
os.version=10.0
derby.system.home=C:\Users\Nobinberg\Documents\NetBeansProjects\Progetto_AMM2017\AmmM1\web\WEB-INF\db
Programma di caricamento classe database avviato - derby.database.classpath=''
----------------------------------------------------------------
Mon May 22 15:32:16 CEST 2017:
Arresto dell'istanza a816c00e-015c-3048-3a6c-ffffdc44da82 nella directory del database C:\Users\Nobinberg\Documents\NetBeansProjects\Progetto_AMM2017\AmmM1\web\WEB-INF\db\ammdb con il caricatore di classi sun.misc.Launcher$AppClassLoader@1d44bcfa 
Mon May 22 15:32:16 CEST 2017 Thread[DRDAConnThread_3,5,main] (DATABASE = ammdb), (DRDAID = {2}), Chiusura del database 'ammdb'.
----------------------------------------------------------------
Mon May 22 15:34:23 CEST 2017:
Avvio della versione di Derby The Apache Software Foundation - Apache Derby - 10.11.1.2 - (1629631): istanza 34b10149-015c-3048-3a6c-ffffdc44da82
sulla directory di database C:\Users\Nobinberg\Documents\NetBeansProjects\Progetto_AMM2017\AmmM1\web\WEB-INF\db\ammdb con caricatore classi sun.misc.Launcher$AppClassLoader@1d44bcfa 
Caricato da file:/C:/Program%20Files/Java/jdk1.8.0_74/db/lib/derby.jar
java.vendor=Oracle Corporation
java.runtime.version=1.8.0_74-b02
user.dir=C:\Program Files\Java\jdk1.8.0_74\db
os.name=Windows 10
os.arch=amd64
os.version=10.0
derby.system.home=C:\Users\Nobinberg\Documents\NetBeansProjects\Progetto_AMM2017\AmmM1\web\WEB-INF\db
Programma di caricamento classe database avviato - derby.database.classpath=''
----------------------------------------------------------------
Mon May 22 15:34:38 CEST 2017:
Arresto dell'istanza 34b10149-015c-3048-3a6c-ffffdc44da82 nella directory del database C:\Users\Nobinberg\Documents\NetBeansProjects\Progetto_AMM2017\AmmM1\web\WEB-INF\db\ammdb con il caricatore di classi sun.misc.Launcher$AppClassLoader@1d44bcfa 
Mon May 22 15:34:38 CEST 2017 Thread[DRDAConnThread_3,5,main] (DATABASE = ammdb), (DRDAID = {4}), Chiusura del database 'ammdb'.
----------------------------------------------------------------
Mon May 22 15:35:05 CEST 2017:
Avvio della versione di Derby The Apache Software Foundation - Apache Derby - 10.11.1.2 - (1629631): istanza 539141e7-015c-3048-3a6c-ffffdc44da82
sulla directory di database C:\Users\Nobinberg\Documents\NetBeansProjects\Progetto_AMM2017\AmmM1\web\WEB-INF\db\ammdb con caricatore classi sun.misc.Launcher$AppClassLoader@1d44bcfa 
Caricato da file:/C:/Program%20Files/Java/jdk1.8.0_74/db/lib/derby.jar
java.vendor=Oracle Corporation
java.runtime.version=1.8.0_74-b02
user.dir=C:\Program Files\Java\jdk1.8.0_74\db
os.name=Windows 10
os.arch=amd64
os.version=10.0
derby.system.home=C:\Users\Nobinberg\Documents\NetBeansProjects\Progetto_AMM2017\AmmM1\web\WEB-INF\db
Programma di caricamento classe database avviato - derby.database.classpath=''
